<?xml version="1.0" encoding="UTF-8"?>
<!-- Generated by org.testng.reporters.JUnitReportReporter -->
<testsuite skipped="0" hostname="CQGN6-FGT77-YJKDK-WD7JM-DPBRC" name="com.inetbaning.Testcases.TC_LoginTest_001" tests="1" failures="0" timestamp="2020-05-05T13:11:09 SGT" time="2.342" errors="0">
  <testcase name="LoginTest" time="2.342" classname="com.inetbaning.Testcases.TC_LoginTest_001"/>
</testsuite> <!-- com.inetbaning.Testcases.TC_LoginTest_001 -->
