<?xml version="1.0" encoding="UTF-8"?>
<!-- Generated by org.testng.reporters.JUnitReportReporter -->
<testsuite skipped="0" hostname="CQGN6-FGT77-YJKDK-WD7JM-DPBRC" name="com.inetbaning.Testcases.TC_AddCustomerTest_003" tests="1" failures="0" timestamp="2020-05-04T13:12:10 SGT" time="17.792" errors="0">
  <testcase name="addNewCustomer" time="17.792" classname="com.inetbaning.Testcases.TC_AddCustomerTest_003"/>
</testsuite> <!-- com.inetbaning.Testcases.TC_AddCustomerTest_003 -->
